# JRE version: Java(TM) SE Runtime Environment (17.0.12+8) (build 17.0.12+8-LTS-286)
# Java VM: Java HotSpot(TM) 64-Bit Server VM (17.0.12+8-LTS-286, mixed mode, sharing, tiered, compressed oops, compressed class ptrs, g1 gc, windows-amd64)
GC Precious Log:
 CPUs: 12 total, 12 available
 Memory: 7876M
 Large Page Support: Disabled
 NUMA Support: Disabled
 Compressed Oops: Enabled (32-bit)
 Heap Region Size: 1M
 Heap Min Capacity: 8M
 Heap Initial Capacity: 124M
 Heap Max Capacity: 1970M
 Pre-touch: Disabled
 Parallel Workers: 10
 Concurrent Workers: 3
 Concurrent Refinement Workers: 10
 Periodic GC: Disabled
Heap:
 garbage-first heap   total 126976K, used 29427K [0x0000000084e00000, 0x0000000100000000)
  region size 1024K, 15 young (15360K), 8 survivors (8192K)
 Metaspace       used 19124K, committed 19456K, reserved 1114112K
  class space    used 2145K, committed 2304K, reserved 1048576K
GC Heap History (10 events):
Event: 10.272 GC heap before
{Heap before GC invocations=0 (full 0):
 garbage-first heap   total 126976K, used 23552K [0x0000000084e00000, 0x0000000100000000)
  region size 1024K, 23 young (23552K), 0 survivors (0K)
 Metaspace       used 5434K, committed 5632K, reserved 1114112K
  class space    used 652K, committed 768K, reserved 1048576K
}
Event: 10.411 GC heap after
{Heap after GC invocations=1 (full 0):
 garbage-first heap   total 126976K, used 3652K [0x0000000084e00000, 0x0000000100000000)
  region size 1024K, 3 young (3072K), 3 survivors (3072K)
 Metaspace       used 5434K, committed 5632K, reserved 1114112K
  class space    used 652K, committed 768K, reserved 1048576K
}
Event: 16.209 GC heap before
{Heap before GC invocations=1 (full 0):
 garbage-first heap   total 126976K, used 33348K [0x0000000084e00000, 0x0000000100000000)
  region size 1024K, 32 young (32768K), 3 survivors (3072K)
 Metaspace       used 9049K, committed 9216K, reserved 1114112K
  class space    used 1097K, committed 1216K, reserved 1048576K
}
Event: 16.250 GC heap after
{Heap after GC invocations=2 (full 0):
 garbage-first heap   total 126976K, used 5198K [0x0000000084e00000, 0x0000000100000000)
  region size 1024K, 2 young (2048K), 2 survivors (2048K)
 Metaspace       used 9049K, committed 9216K, reserved 1114112K
  class space    used 1097K, committed 1216K, reserved 1048576K
}
Event: 30.454 GC heap before
{Heap before GC invocations=2 (full 0):
 garbage-first heap   total 126976K, used 78926K [0x0000000084e00000, 0x0000000100000000)
  region size 1024K, 74 young (75776K), 2 survivors (2048K)
 Metaspace       used 15576K, committed 15808K, reserved 1114112K
  class space    used 1855K, committed 1920K, reserved 1048576K
}
Event: 30.509 GC heap after
{Heap after GC invocations=3 (full 0):
 garbage-first heap   total 126976K, used 13171K [0x0000000084e00000, 0x0000000100000000)
  region size 1024K, 10 young (10240K), 10 survivors (10240K)
 Metaspace       used 15576K, committed 15808K, reserved 1114112K
  class space    used 1855K, committed 1920K, reserved 1048576K
}
Event: 38.324 GC heap before
{Heap before GC invocations=3 (full 0):
 garbage-first heap   total 126976K, used 78707K [0x0000000084e00000, 0x0000000100000000)
  region size 1024K, 74 young (75776K), 10 survivors (10240K)
 Metaspace       used 16257K, committed 16512K, reserved 1114112K
  class space    used 1868K, committed 1984K, reserved 1048576K
}
Event: 38.369 GC heap after
{Heap after GC invocations=4 (full 0):
 garbage-first heap   total 126976K, used 16721K [0x0000000084e00000, 0x0000000100000000)
  region size 1024K, 4 young (4096K), 4 survivors (4096K)
 Metaspace       used 16257K, committed 16512K, reserved 1114112K
  class space    used 1868K, committed 1984K, reserved 1048576K
}
Event: 46.417 GC heap before
{Heap before GC invocations=4 (full 0):
 garbage-first heap   total 126976K, used 110929K [0x0000000084e00000, 0x0000000100000000)
  region size 1024K, 65 young (66560K), 4 survivors (4096K)
 Metaspace       used 18878K, committed 19200K, reserved 1114112K
  class space    used 2120K, committed 2304K, reserved 1048576K
}
Event: 46.487 GC heap after
{Heap after GC invocations=5 (full 0):
 garbage-first heap   total 126976K, used 20211K [0x0000000084e00000, 0x0000000100000000)
  region size 1024K, 8 young (8192K), 8 survivors (8192K)
 Metaspace       used 18878K, committed 19200K, reserved 1114112K
  class space    used 2120K, committed 2304K, reserved 1048576K
}

