# JRE version: Java(TM) SE Runtime Environment (17.0.12+8) (build 17.0.12+8-LTS-286)
# Java VM: Java HotSpot(TM) 64-Bit Server VM (17.0.12+8-LTS-286, mixed mode, emulated-client, sharing, tiered, compressed oops, compressed class ptrs, g1 gc, windows-amd64)
GC Precious Log:
 CPUs: 12 total, 12 available
 Memory: 7876M
 Large Page Support: Disabled
 NUMA Support: Disabled
 Compressed Oops: Enabled (32-bit)
 Heap Region Size: 1M
 Heap Min Capacity: 8M
 Heap Initial Capacity: 124M
 Heap Max Capacity: 1970M
 Pre-touch: Disabled
 Parallel Workers: 10
 Concurrent Workers: 3
 Concurrent Refinement Workers: 10
 Periodic GC: Disabled
Heap:
 garbage-first heap   total 65536K, used 32452K [0x0000000084e00000, 0x0000000100000000)
  region size 1024K, 2 young (2048K), 2 survivors (2048K)
 Metaspace       used 64169K, committed 64704K, reserved 1114112K
  class space    used 9351K, committed 9600K, reserved 1048576K
GC Heap History (20 events):
Event: 19.178 GC heap after
{Heap after GC invocations=6 (full 0):
 garbage-first heap   total 65536K, used 19304K [0x0000000084e00000, 0x0000000100000000)
  region size 1024K, 4 young (4096K), 4 survivors (4096K)
 Metaspace       used 26189K, committed 26624K, reserved 1114112K
  class space    used 3764K, committed 3968K, reserved 1048576K
}
Event: 19.288 GC heap before
{Heap before GC invocations=6 (full 0):
 garbage-first heap   total 65536K, used 20328K [0x0000000084e00000, 0x0000000100000000)
  region size 1024K, 5 young (5120K), 4 survivors (4096K)
 Metaspace       used 26442K, committed 26816K, reserved 1114112K
  class space    used 3795K, committed 3968K, reserved 1048576K
}
Event: 19.302 GC heap after
{Heap after GC invocations=7 (full 0):
 garbage-first heap   total 65536K, used 19721K [0x0000000084e00000, 0x0000000100000000)
  region size 1024K, 1 young (1024K), 1 survivors (1024K)
 Metaspace       used 26442K, committed 26816K, reserved 1114112K
  class space    used 3795K, committed 3968K, reserved 1048576K
}
Event: 22.584 GC heap before
{Heap before GC invocations=7 (full 0):
 garbage-first heap   total 65536K, used 45321K [0x0000000084e00000, 0x0000000100000000)
  region size 1024K, 27 young (27648K), 1 survivors (1024K)
 Metaspace       used 30624K, committed 31040K, reserved 1114112K
  class space    used 4416K, committed 4608K, reserved 1048576K
}
Event: 22.603 GC heap after
{Heap after GC invocations=8 (full 0):
 garbage-first heap   total 65536K, used 22042K [0x0000000084e00000, 0x0000000100000000)
  region size 1024K, 3 young (3072K), 3 survivors (3072K)
 Metaspace       used 30624K, committed 31040K, reserved 1114112K
  class space    used 4416K, committed 4608K, reserved 1048576K
}
Event: 25.406 GC heap before
{Heap before GC invocations=8 (full 0):
 garbage-first heap   total 65536K, used 48666K [0x0000000084e00000, 0x0000000100000000)
  region size 1024K, 28 young (28672K), 3 survivors (3072K)
 Metaspace       used 34790K, committed 35200K, reserved 1114112K
  class space    used 4987K, committed 5184K, reserved 1048576K
}
Event: 25.414 GC heap after
{Heap after GC invocations=9 (full 0):
 garbage-first heap   total 65536K, used 23534K [0x0000000084e00000, 0x0000000100000000)
  region size 1024K, 2 young (2048K), 2 survivors (2048K)
 Metaspace       used 34790K, committed 35200K, reserved 1114112K
  class space    used 4987K, committed 5184K, reserved 1048576K
}
Event: 26.074 GC heap before
{Heap before GC invocations=9 (full 0):
 garbage-first heap   total 65536K, used 26606K [0x0000000084e00000, 0x0000000100000000)
  region size 1024K, 6 young (6144K), 2 survivors (2048K)
 Metaspace       used 35716K, committed 36096K, reserved 1114112K
  class space    used 5135K, committed 5312K, reserved 1048576K
}
Event: 26.081 GC heap after
{Heap after GC invocations=10 (full 0):
 garbage-first heap   total 65536K, used 23623K [0x0000000084e00000, 0x0000000100000000)
  region size 1024K, 2 young (2048K), 2 survivors (2048K)
 Metaspace       used 35716K, committed 36096K, reserved 1114112K
  class space    used 5135K, committed 5312K, reserved 1048576K
}
Event: 31.729 GC heap before
{Heap before GC invocations=11 (full 0):
 garbage-first heap   total 65536K, used 48199K [0x0000000084e00000, 0x0000000100000000)
  region size 1024K, 26 young (26624K), 2 survivors (2048K)
 Metaspace       used 45206K, committed 45696K, reserved 1114112K
  class space    used 6420K, committed 6656K, reserved 1048576K
}
Event: 31.738 GC heap after
{Heap after GC invocations=12 (full 0):
 garbage-first heap   total 65536K, used 25564K [0x0000000084e00000, 0x0000000100000000)
  region size 1024K, 4 young (4096K), 4 survivors (4096K)
 Metaspace       used 45206K, committed 45696K, reserved 1114112K
  class space    used 6420K, committed 6656K, reserved 1048576K
}
Event: 35.757 GC heap before
{Heap before GC invocations=12 (full 0):
 garbage-first heap   total 65536K, used 48092K [0x0000000084e00000, 0x0000000100000000)
  region size 1024K, 27 young (27648K), 4 survivors (4096K)
 Metaspace       used 50475K, committed 50944K, reserved 1114112K
  class space    used 7163K, committed 7360K, reserved 1048576K
}
Event: 35.766 GC heap after
{Heap after GC invocations=13 (full 0):
 garbage-first heap   total 65536K, used 26929K [0x0000000084e00000, 0x0000000100000000)
  region size 1024K, 4 young (4096K), 4 survivors (4096K)
 Metaspace       used 50475K, committed 50944K, reserved 1114112K
  class space    used 7163K, committed 7360K, reserved 1048576K
}
Event: 39.605 GC heap before
{Heap before GC invocations=13 (full 0):
 garbage-first heap   total 65536K, used 49457K [0x0000000084e00000, 0x0000000100000000)
  region size 1024K, 27 young (27648K), 4 survivors (4096K)
 Metaspace       used 57379K, committed 57856K, reserved 1114112K
  class space    used 8338K, committed 8576K, reserved 1048576K
}
Event: 39.647 GC heap after
{Heap after GC invocations=14 (full 0):
 garbage-first heap   total 65536K, used 27394K [0x0000000084e00000, 0x0000000100000000)
  region size 1024K, 2 young (2048K), 2 survivors (2048K)
 Metaspace       used 57379K, committed 57856K, reserved 1114112K
  class space    used 8338K, committed 8576K, reserved 1048576K
}
Event: 42.193 GC heap before
{Heap before GC invocations=14 (full 0):
 garbage-first heap   total 65536K, used 38658K [0x0000000084e00000, 0x0000000100000000)
  region size 1024K, 15 young (15360K), 2 survivors (2048K)
 Metaspace       used 59990K, committed 60416K, reserved 1114112K
  class space    used 8653K, committed 8832K, reserved 1048576K
}
Event: 42.205 GC heap after
{Heap after GC invocations=15 (full 0):
 garbage-first heap   total 65536K, used 28686K [0x0000000084e00000, 0x0000000100000000)
  region size 1024K, 4 young (4096K), 4 survivors (4096K)
 Metaspace       used 59990K, committed 60416K, reserved 1114112K
  class space    used 8653K, committed 8832K, reserved 1048576K
}
Event: 44.457 GC heap before
{Heap before GC invocations=16 (full 0):
 garbage-first heap   total 65536K, used 51214K [0x0000000084e00000, 0x0000000100000000)
  region size 1024K, 26 young (26624K), 4 survivors (4096K)
 Metaspace       used 62249K, committed 62848K, reserved 1114112K
  class space    used 9070K, committed 9344K, reserved 1048576K
}
Event: 44.479 GC heap after
{Heap after GC invocations=17 (full 0):
 garbage-first heap   total 65536K, used 30848K [0x0000000084e00000, 0x0000000100000000)
  region size 1024K, 4 young (4096K), 4 survivors (4096K)
 Metaspace       used 62249K, committed 62848K, reserved 1114112K
  class space    used 9070K, committed 9344K, reserved 1048576K
}
Event: 46.368 GC heap before
{Heap before GC invocations=17 (full 0):
 garbage-first heap   total 65536K, used 51328K [0x0000000084e00000, 0x0000000100000000)
  region size 1024K, 24 young (24576K), 4 survivors (4096K)
 Metaspace       used 64169K, committed 64704K, reserved 1114112K
  class space    used 9351K, committed 9600K, reserved 1048576K
}

